[debug] [2022-11-18T05:33:27.177Z] ----------------------------------------------------------------------
[debug] [2022-11-18T05:33:27.179Z] Command:       C:\Program Files\nodejs\node.exe C:\Users\Manikandan.M\AppData\Roaming\npm\node_modules\firebase-tools\lib\bin\firebase.js init
[debug] [2022-11-18T05:33:27.179Z] CLI Version:   11.16.1
[debug] [2022-11-18T05:33:27.180Z] Platform:      win32
[debug] [2022-11-18T05:33:27.180Z] Node Version:  v18.3.0
[debug] [2022-11-18T05:33:27.180Z] Time:          Fri Nov 18 2022 11:03:27 GMT+0530 (India Standard Time)
[debug] [2022-11-18T05:33:27.181Z] ----------------------------------------------------------------------
[debug] 
[debug] [2022-11-18T05:33:27.184Z] >>> [apiv2][query] GET https://firebase-public.firebaseio.com/cli.json [none]
[debug] [2022-11-18T05:33:27.257Z] > command requires scopes: ["email","openid","https://www.googleapis.com/auth/cloudplatformprojects.readonly","https://www.googleapis.com/auth/firebase","https://www.googleapis.com/auth/cloud-platform"]
[debug] [2022-11-18T05:33:27.258Z] > authorizing via signed-in user (mahendrasinghmani222@gmail.com)
[info] 
     ######## #### ########  ######## ########     ###     ######  ########
     ##        ##  ##     ## ##       ##     ##  ##   ##  ##       ##
     ######    ##  ########  ######   ########  #########  ######  ######
     ##        ##  ##    ##  ##       ##     ## ##     ##       ## ##
     ##       #### ##     ## ######## ########  ##     ##  ######  ########

You're about to initialize a Firebase project in this directory:

  E:\React js\nutri

[debug] [2022-11-18T05:33:28.325Z] <<< [apiv2][status] GET https://firebase-public.firebaseio.com/cli.json 200
[debug] [2022-11-18T05:33:28.327Z] <<< [apiv2][body] GET https://firebase-public.firebaseio.com/cli.json {"cloudBuildErrorAfter":1594252800000,"cloudBuildWarnAfter":1590019200000,"defaultNode10After":1594252800000,"minVersion":"3.0.5","node8DeploysDisabledAfter":1613390400000,"node8RuntimeDisabledAfter":1615809600000,"node8WarnAfter":1600128000000}
